[I 00:50:23.100 NotebookApp] The port 8888 is already in use, trying another port.
[I 00:50:23.100 NotebookApp] The port 8889 is already in use, trying another port.
[I 00:50:23.100 NotebookApp] The port 8890 is already in use, trying another port.
[I 00:50:23.101 NotebookApp] The port 8891 is already in use, trying another port.
[I 00:50:23.143 NotebookApp] JupyterLab beta preview extension loaded from /home/miltos/anaconda3/envs/tsmlvibm/lib/python3.6/site-packages/jupyterlab
[I 00:50:23.143 NotebookApp] JupyterLab application directory is /home/miltos/anaconda3/envs/tsmlvibm/share/jupyter/lab
[I 00:50:23.151 NotebookApp] Serving notebooks from local directory: /home/miltos/code-playground/machine-learning/mikio_braun/ml4tsa/nb/vibmsrc
[I 00:50:23.151 NotebookApp] 0 active kernels
[I 00:50:23.151 NotebookApp] The Jupyter Notebook is running at:
[I 00:50:23.151 NotebookApp] http://localhost:8892/?token=918f69433b856c8ed47bf78a2b2a49b1f0a85468f9a0385b
[I 00:50:23.151 NotebookApp] Use Control-C to stop this server and shut down all kernels (twice to skip confirmation).
[C 00:50:23.152 NotebookApp] 
    
    Copy/paste this URL into your browser when you connect for the first time,
    to login with a token:
        http://localhost:8892/?token=918f69433b856c8ed47bf78a2b2a49b1f0a85468f9a0385b
[I 00:50:23.643 NotebookApp] Accepting one-time-token-authenticated connection from 127.0.0.1
[I 00:52:05.518 NotebookApp] Kernel started: 6cb3e8a8-99bd-48a3-812d-b3926595ba4e
[W 00:52:05.788 NotebookApp] 404 GET /nbextensions/widgets/notebook/js/extension.js?v=20180419005022 (127.0.0.1) 26.84ms referer=http://localhost:8892/notebooks/general-machine-learning.ipynb
[I 00:52:07.148 NotebookApp] Adapting to protocol v5.1 for kernel 6cb3e8a8-99bd-48a3-812d-b3926595ba4e
[I 00:53:19.626 NotebookApp] Saving file at /general-machine-learning.ipynb
[I 01:01:33.786 NotebookApp] Saving file at /general-machine-learning.ipynb
